<?xml version="1.0" encoding="UTF-8"?>
<coverage generated="1578274108944" clover="3.2.0">
  <project timestamp="1578274108944" name="All files">
    <metrics statements="1" coveredstatements="1" conditionals="0" coveredconditionals="0" methods="1" coveredmethods="1" elements="2" coveredelements="2" complexity="0" loc="1" ncloc="1" packages="1" files="1" classes="1"/>
    <file name="Counter.vue" path="C:\Users\joven\Desktop\workspace\mpvue-yougou42\vue-demo2\src\components\Counter.vue">
      <metrics statements="1" coveredstatements="1" conditionals="0" coveredconditionals="0" methods="1" coveredmethods="1"/>
      <line num="11" count="1" type="stmt"/>
    </file>
  </project>
</coverage>
