{"C:\\Users\\joven\\Desktop\\workspace\\mpvue-yougou42\\vue-demo2\\src\\components\\Counter.vue": {"path":"C:\\Users\\joven\\Desktop\\workspace\\mpvue-yougou42\\vue-demo2\\src\\components\\Counter.vue","statementMap":{"0":{"start":{"line":11,"column":0},"end":{"line":11,"column":null}}},"fnMap":{"0":{"name":"(anonymous_1)","decl":{"start":{"line":10,"column":0},"end":{"line":10,"column":null}},"loc":{"start":{"line":10,"column":0},"end":{"line":14,"column":null}}}},"branchMap":{},"s":{"0":1},"f":{"0":1},"b":{}}
}
